\BOOKMARK [0][-]{chapter.1}{Introduzione}{}% 1
\BOOKMARK [0][-]{chapter.2}{Framekork di Sviluppo Web}{}% 2
\BOOKMARK [1][-]{section.2.1}{Definizione}{chapter.2}% 3
\BOOKMARK [1][-]{section.2.2}{Caratteristiche}{chapter.2}% 4
\BOOKMARK [2][-]{subsection.2.2.1}{Architettura Logica}{section.2.2}% 5
\BOOKMARK [2][-]{subsection.2.2.2}{Blocchi per funzioni ripetitive}{section.2.2}% 6
\BOOKMARK [2][-]{subsection.2.2.3}{Processi di Sviluppo}{section.2.2}% 7
\BOOKMARK [3][-]{subsubsection.2.2.3.1}{Indietro}{subsection.2.2.3}% 8
\BOOKMARK [3][-]{subsubsection.2.2.3.2}{Avanti}{subsection.2.2.3}% 9
\BOOKMARK [2][-]{subsection.2.2.4}{Catalogo Framekork}{section.2.2}% 10
\BOOKMARK [2][-]{subsection.2.2.5}{Confronto}{section.2.2}% 11
\BOOKMARK [1][-]{section.2.3}{Come Scegliere}{chapter.2}% 12
\BOOKMARK [1][-]{section.2.4}{GWT e mercato}{chapter.2}% 13
\BOOKMARK [0][-]{chapter.3}{GWT}{}% 14
\BOOKMARK [1][-]{section.3.1}{Panoramica}{chapter.3}% 15
\BOOKMARK [2][-]{subsection.3.1.1}{Che cos'\350}{section.3.1}% 16
\BOOKMARK [2][-]{subsection.3.1.2}{Componenti software}{section.3.1}% 17
\BOOKMARK [2][-]{subsection.3.1.3}{Sviluppare in GWT}{section.3.1}% 18
\BOOKMARK [3][-]{subsubsection.3.1.3.1}{Scrivere}{subsection.3.1.3}% 19
\BOOKMARK [3][-]{subsubsection.3.1.3.2}{Debuggare}{subsection.3.1.3}% 20
\BOOKMARK [3][-]{subsubsection.3.1.3.3}{Ottimizzare}{subsection.3.1.3}% 21
\BOOKMARK [3][-]{subsubsection.3.1.3.4}{Eseguire}{subsection.3.1.3}% 22
\BOOKMARK [1][-]{section.3.2}{Installare GWT}{chapter.3}% 23
\BOOKMARK [2][-]{subsection.3.2.1}{Installazione GWT SDK}{section.3.2}% 24
\BOOKMARK [2][-]{subsection.3.2.2}{Configurare IDE}{section.3.2}% 25
\BOOKMARK [1][-]{section.3.3}{Organizzazione del progetto}{chapter.3}% 26
\BOOKMARK [1][-]{section.3.4}{Compilazione e Debugging}{chapter.3}% 27
\BOOKMARK [1][-]{section.3.5}{Client-side}{chapter.3}% 28
\BOOKMARK [1][-]{section.3.6}{Server-side}{chapter.3}% 29
\BOOKMARK [1][-]{section.3.7}{Compatibilit\340 con linguaggio}{chapter.3}% 30
\BOOKMARK [1][-]{section.3.8}{User interface}{chapter.3}% 31
\BOOKMARK [1][-]{section.3.9}{Rilascio Progetto}{chapter.3}% 32
\BOOKMARK [0][-]{chapter.4}{Progetto}{}% 33
\BOOKMARK [1][-]{section.4.1}{Visione}{chapter.4}% 34
\BOOKMARK [1][-]{section.4.2}{Progettazione}{chapter.4}% 35
\BOOKMARK [1][-]{section.4.3}{Realizzazione}{chapter.4}% 36
\BOOKMARK [0][-]{chapter.5}{Conclusione}{}% 37
\BOOKMARK [0][-]{appendix*.2}{Bibliografia}{}% 38
\BOOKMARK [0][-]{appendix.Alph1}{Appendice}{}% 39
\BOOKMARK [0][-]{appendix*.3}{Glossario}{}% 40
